mode: set
github.com/brainboxweb/advent/24_Packing/main.go:15.35,17.2 1 1
github.com/brainboxweb/advent/24_Packing/main.go:24.38,25.35 1 1
github.com/brainboxweb/advent/24_Packing/main.go:28.2,28.15 1 1
github.com/brainboxweb/advent/24_Packing/main.go:25.35,27.3 1 1
github.com/brainboxweb/advent/24_Packing/main.go:31.26,33.2 1 1
github.com/brainboxweb/advent/24_Packing/main.go:35.36,37.37 1 1
github.com/brainboxweb/advent/24_Packing/main.go:41.2,42.13 2 1
github.com/brainboxweb/advent/24_Packing/main.go:37.37,39.3 1 1
github.com/brainboxweb/advent/24_Packing/main.go:49.52,53.33 2 1
github.com/brainboxweb/advent/24_Packing/main.go:56.2,58.29 2 1
github.com/brainboxweb/advent/24_Packing/main.go:62.2,62.33 1 1
github.com/brainboxweb/advent/24_Packing/main.go:72.2,73.33 2 1
github.com/brainboxweb/advent/24_Packing/main.go:76.2,76.33 1 1
github.com/brainboxweb/advent/24_Packing/main.go:81.2,81.33 1 1
github.com/brainboxweb/advent/24_Packing/main.go:86.2,86.13 1 1
github.com/brainboxweb/advent/24_Packing/main.go:53.33,55.3 1 1
github.com/brainboxweb/advent/24_Packing/main.go:58.29,60.3 1 1
github.com/brainboxweb/advent/24_Packing/main.go:62.33,63.30 1 1
github.com/brainboxweb/advent/24_Packing/main.go:63.30,65.10 2 1
github.com/brainboxweb/advent/24_Packing/main.go:65.10,66.10 1 1
github.com/brainboxweb/advent/24_Packing/main.go:73.33,75.3 1 1
github.com/brainboxweb/advent/24_Packing/main.go:76.33,78.3 1 1
github.com/brainboxweb/advent/24_Packing/main.go:81.33,82.36 1 1
github.com/brainboxweb/advent/24_Packing/main.go:82.36,84.4 1 0
github.com/brainboxweb/advent/24_Packing/main.go:89.25,93.33 2 1
github.com/brainboxweb/advent/24_Packing/main.go:93.33,96.40 2 1
github.com/brainboxweb/advent/24_Packing/main.go:100.3,104.28 3 1
github.com/brainboxweb/advent/24_Packing/main.go:109.3,109.35 1 1
github.com/brainboxweb/advent/24_Packing/main.go:96.40,98.4 1 1
github.com/brainboxweb/advent/24_Packing/main.go:104.28,108.4 2 1
github.com/brainboxweb/advent/24_Packing/main.go:113.88,120.42 4 1
github.com/brainboxweb/advent/24_Packing/main.go:124.2,125.33 2 1
github.com/brainboxweb/advent/24_Packing/main.go:138.2,140.51 2 1
github.com/brainboxweb/advent/24_Packing/main.go:120.42,122.3 1 1
github.com/brainboxweb/advent/24_Packing/main.go:125.33,128.40 2 1
github.com/brainboxweb/advent/24_Packing/main.go:133.3,134.33 2 1
github.com/brainboxweb/advent/24_Packing/main.go:128.40,131.4 1 1
github.com/brainboxweb/advent/24_Packing/main.go:144.27,146.2 1 1
github.com/brainboxweb/advent/24_Packing/main.go:147.32,149.2 1 1
github.com/brainboxweb/advent/24_Packing/main.go:150.37,152.43 1 1
github.com/brainboxweb/advent/24_Packing/main.go:156.2,156.43 1 1
github.com/brainboxweb/advent/24_Packing/main.go:161.2,162.45 2 1
github.com/brainboxweb/advent/24_Packing/main.go:165.2,166.45 2 1
github.com/brainboxweb/advent/24_Packing/main.go:169.2,169.24 1 1
github.com/brainboxweb/advent/24_Packing/main.go:152.43,154.3 1 1
github.com/brainboxweb/advent/24_Packing/main.go:156.43,158.3 1 1
github.com/brainboxweb/advent/24_Packing/main.go:162.45,164.3 1 1
github.com/brainboxweb/advent/24_Packing/main.go:166.45,168.3 1 1
github.com/brainboxweb/advent/24_Packing/main.go:172.32,178.21 4 1
github.com/brainboxweb/advent/24_Packing/main.go:185.2,185.14 1 1
github.com/brainboxweb/advent/24_Packing/main.go:178.21,183.3 3 1
github.com/brainboxweb/advent/24_Packing/main.go:193.66,201.30 4 1
github.com/brainboxweb/advent/24_Packing/main.go:231.2,232.33 2 1
github.com/brainboxweb/advent/24_Packing/main.go:238.2,239.33 2 1
github.com/brainboxweb/advent/24_Packing/main.go:245.2,246.40 2 1
github.com/brainboxweb/advent/24_Packing/main.go:252.2,252.14 1 1
github.com/brainboxweb/advent/24_Packing/main.go:201.30,206.35 3 1
github.com/brainboxweb/advent/24_Packing/main.go:210.3,213.35 3 1
github.com/brainboxweb/advent/24_Packing/main.go:218.3,219.10 2 1
github.com/brainboxweb/advent/24_Packing/main.go:223.3,226.26 3 1
github.com/brainboxweb/advent/24_Packing/main.go:206.35,208.4 1 1
github.com/brainboxweb/advent/24_Packing/main.go:213.35,216.4 2 1
github.com/brainboxweb/advent/24_Packing/main.go:219.10,220.12 1 1
github.com/brainboxweb/advent/24_Packing/main.go:232.33,233.51 1 1
github.com/brainboxweb/advent/24_Packing/main.go:233.51,235.4 1 1
github.com/brainboxweb/advent/24_Packing/main.go:239.33,240.52 1 1
github.com/brainboxweb/advent/24_Packing/main.go:240.52,242.4 1 1
github.com/brainboxweb/advent/24_Packing/main.go:246.40,247.41 1 1
github.com/brainboxweb/advent/24_Packing/main.go:247.41,249.4 1 1
github.com/brainboxweb/advent/24_Packing/main.go:255.23,256.19 1 1
github.com/brainboxweb/advent/24_Packing/main.go:256.19,259.3 2 1
